<?xml version="1.0" encoding="UTF-8"?>
<testsuite xmlns:xsi="http://www.w3.org/2001/XMLSchema-instance" xsi:noNamespaceSchemaLocation="https://maven.apache.org/surefire/maven-surefire-plugin/xsd/surefire-test-report-3.0.xsd" version="3.0" name="com.udacity.security.service.SecurityServiceTest" time="0.241" tests="17" errors="17" skipped="0" failures="0">
  <properties>
[...]
</properties>
  <testcase name="changeAlarmState_alarmActiveAndSensorStateChanges_stateNotAffected" classname="com.udacity.security.service.SecurityServiceTest" time="0.155">
    <error type="org.mockito.exceptions.base.MockitoException"><![CDATA[org.mockito.exceptions.base.MockitoException: 

Mockito cannot mock this class: interface com.udacity.security.data.SecurityRepository.

Mockito can only mock non-private & non-final classes.
If you're not sure why you're getting this error, please report to the mailing list.


Java               : 17
JVM vendor name    : Homebrew
JVM vendor version : 17.0.1+0
JVM name           : OpenJDK 64-Bit Server VM
JVM version        : 17.0.1+0
JVM info           : mixed mode
OS name            : Mac OS X
OS version         : 11.6


Underlying exception : org.mockito.exceptions.base.MockitoException: 
Could not force module adjustment of the module of interface com.udacity.security.data.SecurityRepository

This is required to adjust the module graph to enable mock creation
Caused by: org.mockito.exceptions.base.MockitoException: 

Could not force module adjustment of the module of interface com.udacity.security.data.SecurityRepository

This is required to adjust the module graph to enable mock creation
Caused by: java.lang.IllegalArgumentException: com.udacity.security.data.SecurityRepository$MockitoModuleProbe$1253321264 must be defined in the same package as org.mockito.codegen.InjectionBase
]]></error>
  </testcase>
  <testcase name="changeAlarmState_sensorDeactivateWhileInactive_noChangeToAlarmState(AlarmStatus)[1]" classname="com.udacity.security.service.SecurityServiceTest" time="0.002">
    <error type="org.mockito.exceptions.base.MockitoException"><![CDATA[org.mockito.exceptions.base.MockitoException: 

Mockito cannot mock this class: interface com.udacity.security.data.SecurityRepository.

Mockito can only mock non-private & non-final classes.
If you're not sure why you're getting this error, please report to the mailing list.


Java               : 17
JVM vendor name    : Homebrew
JVM vendor version : 17.0.1+0
JVM name           : OpenJDK 64-Bit Server VM
JVM version        : 17.0.1+0
JVM info           : mixed mode
OS name            : Mac OS X
OS version         : 11.6


Underlying exception : org.mockito.exceptions.base.MockitoException: 
Could not force module adjustment of the module of interface com.udacity.security.data.SecurityRepository

This is required to adjust the module graph to enable mock creation
Caused by: org.mockito.exceptions.base.MockitoException: 

Could not force module adjustment of the module of interface com.udacity.security.data.SecurityRepository

This is required to adjust the module graph to enable mock creation
Caused by: java.lang.IllegalArgumentException: com.udacity.security.data.SecurityRepository$MockitoModuleProbe$855364911 must be defined in the same package as org.mockito.codegen.InjectionBase
]]></error>
  </testcase>
  <testcase name="changeAlarmState_sensorDeactivateWhileInactive_noChangeToAlarmState(AlarmStatus)[2]" classname="com.udacity.security.service.SecurityServiceTest" time="0.003">
    <error type="org.mockito.exceptions.base.MockitoException"><![CDATA[org.mockito.exceptions.base.MockitoException: 

Mockito cannot mock this class: interface com.udacity.security.data.SecurityRepository.

Mockito can only mock non-private & non-final classes.
If you're not sure why you're getting this error, please report to the mailing list.


Java               : 17
JVM vendor name    : Homebrew
JVM vendor version : 17.0.1+0
JVM name           : OpenJDK 64-Bit Server VM
JVM version        : 17.0.1+0
JVM info           : mixed mode
OS name            : Mac OS X
OS version         : 11.6


Underlying exception : org.mockito.exceptions.base.MockitoException: 
Could not force module adjustment of the module of interface com.udacity.security.data.SecurityRepository

This is required to adjust the module graph to enable mock creation
Caused by: org.mockito.exceptions.base.MockitoException: 

Could not force module adjustment of the module of interface com.udacity.security.data.SecurityRepository

This is required to adjust the module graph to enable mock creation
Caused by: java.lang.IllegalArgumentException: com.udacity.security.data.SecurityRepository$MockitoModuleProbe$1195378741 must be defined in the same package as org.mockito.codegen.InjectionBase
]]></error>
  </testcase>
  <testcase name="changeAlarmState_sensorDeactivateWhileInactive_noChangeToAlarmState(AlarmStatus)[3]" classname="com.udacity.security.service.SecurityServiceTest" time="0.002">
    <error type="org.mockito.exceptions.base.MockitoException"><![CDATA[org.mockito.exceptions.base.MockitoException: 

Mockito cannot mock this class: interface com.udacity.security.data.SecurityRepository.

Mockito can only mock non-private & non-final classes.
If you're not sure why you're getting this error, please report to the mailing list.


Java               : 17
JVM vendor name    : Homebrew
JVM vendor version : 17.0.1+0
JVM name           : OpenJDK 64-Bit Server VM
JVM version        : 17.0.1+0
JVM info           : mixed mode
OS name            : Mac OS X
OS version         : 11.6


Underlying exception : org.mockito.exceptions.base.MockitoException: 
Could not force module adjustment of the module of interface com.udacity.security.data.SecurityRepository

This is required to adjust the module graph to enable mock creation
Caused by: org.mockito.exceptions.base.MockitoException: 

Could not force module adjustment of the module of interface com.udacity.security.data.SecurityRepository

This is required to adjust the module graph to enable mock creation
Caused by: java.lang.IllegalArgumentException: com.udacity.security.data.SecurityRepository$MockitoModuleProbe$2044793663 must be defined in the same package as org.mockito.codegen.InjectionBase
]]></error>
  </testcase>
  <testcase name="updateSensors_systemArmed_deactivateAllSensors(ArmingStatus)[1]" classname="com.udacity.security.service.SecurityServiceTest" time="0.002">
    <error type="org.mockito.exceptions.base.MockitoException"><![CDATA[org.mockito.exceptions.base.MockitoException: 

Mockito cannot mock this class: interface com.udacity.security.data.SecurityRepository.

Mockito can only mock non-private & non-final classes.
If you're not sure why you're getting this error, please report to the mailing list.


Java               : 17
JVM vendor name    : Homebrew
JVM vendor version : 17.0.1+0
JVM name           : OpenJDK 64-Bit Server VM
JVM version        : 17.0.1+0
JVM info           : mixed mode
OS name            : Mac OS X
OS version         : 11.6


Underlying exception : org.mockito.exceptions.base.MockitoException: 
Could not force module adjustment of the module of interface com.udacity.security.data.SecurityRepository

This is required to adjust the module graph to enable mock creation
Caused by: org.mockito.exceptions.base.MockitoException: 

Could not force module adjustment of the module of interface com.udacity.security.data.SecurityRepository

This is required to adjust the module graph to enable mock creation
Caused by: java.lang.IllegalArgumentException: com.udacity.security.data.SecurityRepository$MockitoModuleProbe$271930000 must be defined in the same package as org.mockito.codegen.InjectionBase
]]></error>
  </testcase>
  <testcase name="updateSensors_systemArmed_deactivateAllSensors(ArmingStatus)[2]" classname="com.udacity.security.service.SecurityServiceTest" time="0.002">
    <error type="org.mockito.exceptions.base.MockitoException"><![CDATA[org.mockito.exceptions.base.MockitoException: 

Mockito cannot mock this class: interface com.udacity.security.data.SecurityRepository.

Mockito can only mock non-private & non-final classes.
If you're not sure why you're getting this error, please report to the mailing list.


Java               : 17
JVM vendor name    : Homebrew
JVM vendor version : 17.0.1+0
JVM name           : OpenJDK 64-Bit Server VM
JVM version        : 17.0.1+0
JVM info           : mixed mode
OS name            : Mac OS X
OS version         : 11.6


Underlying exception : org.mockito.exceptions.base.MockitoException: 
Could not force module adjustment of the module of interface com.udacity.security.data.SecurityRepository

This is required to adjust the module graph to enable mock creation
Caused by: org.mockito.exceptions.base.MockitoException: 

Could not force module adjustment of the module of interface com.udacity.security.data.SecurityRepository

This is required to adjust the module graph to enable mock creation
Caused by: java.lang.IllegalArgumentException: com.udacity.security.data.SecurityRepository$MockitoModuleProbe$588538371 must be defined in the same package as org.mockito.codegen.InjectionBase
]]></error>
  </testcase>
  <testcase name="changeAlarmStatus_alarmAlreadyPendingAndSensorActivated_alarmStatusAlarm" classname="com.udacity.security.service.SecurityServiceTest" time="0.001">
    <error type="org.mockito.exceptions.base.MockitoException"><![CDATA[org.mockito.exceptions.base.MockitoException: 

Mockito cannot mock this class: interface com.udacity.security.data.SecurityRepository.

Mockito can only mock non-private & non-final classes.
If you're not sure why you're getting this error, please report to the mailing list.


Java               : 17
JVM vendor name    : Homebrew
JVM vendor version : 17.0.1+0
JVM name           : OpenJDK 64-Bit Server VM
JVM version        : 17.0.1+0
JVM info           : mixed mode
OS name            : Mac OS X
OS version         : 11.6


Underlying exception : org.mockito.exceptions.base.MockitoException: 
Could not force module adjustment of the module of interface com.udacity.security.data.SecurityRepository

This is required to adjust the module graph to enable mock creation
Caused by: org.mockito.exceptions.base.MockitoException: 

Could not force module adjustment of the module of interface com.udacity.security.data.SecurityRepository

This is required to adjust the module graph to enable mock creation
Caused by: java.lang.IllegalArgumentException: com.udacity.security.data.SecurityRepository$MockitoModuleProbe$1800095952 must be defined in the same package as org.mockito.codegen.InjectionBase
]]></error>
  </testcase>
  <testcase name="changeAlarmStatus_alarmArmedAndSensorActivated_alarmStatusPending(ArmingStatus)[1]" classname="com.udacity.security.service.SecurityServiceTest" time="0.002">
    <error type="org.mockito.exceptions.base.MockitoException"><![CDATA[org.mockito.exceptions.base.MockitoException: 

Mockito cannot mock this class: interface com.udacity.security.data.SecurityRepository.

Mockito can only mock non-private & non-final classes.
If you're not sure why you're getting this error, please report to the mailing list.


Java               : 17
JVM vendor name    : Homebrew
JVM vendor version : 17.0.1+0
JVM name           : OpenJDK 64-Bit Server VM
JVM version        : 17.0.1+0
JVM info           : mixed mode
OS name            : Mac OS X
OS version         : 11.6


Underlying exception : org.mockito.exceptions.base.MockitoException: 
Could not force module adjustment of the module of interface com.udacity.security.data.SecurityRepository

This is required to adjust the module graph to enable mock creation
Caused by: org.mockito.exceptions.base.MockitoException: 

Could not force module adjustment of the module of interface com.udacity.security.data.SecurityRepository

This is required to adjust the module graph to enable mock creation
Caused by: java.lang.IllegalArgumentException: com.udacity.security.data.SecurityRepository$MockitoModuleProbe$1224709439 must be defined in the same package as org.mockito.codegen.InjectionBase
]]></error>
  </testcase>
  <testcase name="changeAlarmStatus_alarmArmedAndSensorActivated_alarmStatusPending(ArmingStatus)[2]" classname="com.udacity.security.service.SecurityServiceTest" time="0.001">
    <error type="org.mockito.exceptions.base.MockitoException"><![CDATA[org.mockito.exceptions.base.MockitoException: 

Mockito cannot mock this class: interface com.udacity.security.data.SecurityRepository.

Mockito can only mock non-private & non-final classes.
If you're not sure why you're getting this error, please report to the mailing list.


Java               : 17
JVM vendor name    : Homebrew
JVM vendor version : 17.0.1+0
JVM name           : OpenJDK 64-Bit Server VM
JVM version        : 17.0.1+0
JVM info           : mixed mode
OS name            : Mac OS X
OS version         : 11.6


Underlying exception : org.mockito.exceptions.base.MockitoException: 
Could not force module adjustment of the module of interface com.udacity.security.data.SecurityRepository

This is required to adjust the module graph to enable mock creation
Caused by: org.mockito.exceptions.base.MockitoException: 

Could not force module adjustment of the module of interface com.udacity.security.data.SecurityRepository

This is required to adjust the module graph to enable mock creation
Caused by: java.lang.IllegalArgumentException: com.udacity.security.data.SecurityRepository$MockitoModuleProbe$898727860 must be defined in the same package as org.mockito.codegen.InjectionBase
]]></error>
  </testcase>
  <testcase name="changeAlarmState_systemActivatedWhileAlreadyActiveAndAlarmPending_changeToAlarmState" classname="com.udacity.security.service.SecurityServiceTest" time="0.001">
    <error type="org.mockito.exceptions.base.MockitoException"><![CDATA[org.mockito.exceptions.base.MockitoException: 

Mockito cannot mock this class: interface com.udacity.security.data.SecurityRepository.

Mockito can only mock non-private & non-final classes.
If you're not sure why you're getting this error, please report to the mailing list.


Java               : 17
JVM vendor name    : Homebrew
JVM vendor version : 17.0.1+0
JVM name           : OpenJDK 64-Bit Server VM
JVM version        : 17.0.1+0
JVM info           : mixed mode
OS name            : Mac OS X
OS version         : 11.6


Underlying exception : org.mockito.exceptions.base.MockitoException: 
Could not force module adjustment of the module of interface com.udacity.security.data.SecurityRepository

This is required to adjust the module graph to enable mock creation
Caused by: org.mockito.exceptions.base.MockitoException: 

Could not force module adjustment of the module of interface com.udacity.security.data.SecurityRepository

This is required to adjust the module graph to enable mock creation
Caused by: java.lang.IllegalArgumentException: com.udacity.security.data.SecurityRepository$MockitoModuleProbe$1543207178 must be defined in the same package as org.mockito.codegen.InjectionBase
]]></error>
  </testcase>
  <testcase name="changeAlarmStatus_sensorStatusChangeAndSystemIsAlreadyDisarmed_stateNotAffected(Boolean,Boolean)" classname="com.udacity.security.service.SecurityServiceTest" time="0.001">
    <error type="org.mockito.exceptions.base.MockitoException"><![CDATA[org.mockito.exceptions.base.MockitoException: 

Mockito cannot mock this class: interface com.udacity.security.data.SecurityRepository.

Mockito can only mock non-private & non-final classes.
If you're not sure why you're getting this error, please report to the mailing list.


Java               : 17
JVM vendor name    : Homebrew
JVM vendor version : 17.0.1+0
JVM name           : OpenJDK 64-Bit Server VM
JVM version        : 17.0.1+0
JVM info           : mixed mode
OS name            : Mac OS X
OS version         : 11.6


Underlying exception : org.mockito.exceptions.base.MockitoException: 
Could not force module adjustment of the module of interface com.udacity.security.data.SecurityRepository

This is required to adjust the module graph to enable mock creation
Caused by: org.mockito.exceptions.base.MockitoException: 

Could not force module adjustment of the module of interface com.udacity.security.data.SecurityRepository

This is required to adjust the module graph to enable mock creation
Caused by: java.lang.IllegalArgumentException: com.udacity.security.data.SecurityRepository$MockitoModuleProbe$500421393 must be defined in the same package as org.mockito.codegen.InjectionBase
]]></error>
  </testcase>
  <testcase name="changeAlarmStatus_sensorStatusChangeAndSystemIsAlreadyDisarmed_stateNotAffected(Boolean,Boolean)" classname="com.udacity.security.service.SecurityServiceTest" time="0.001">
    <error type="org.mockito.exceptions.base.MockitoException"><![CDATA[org.mockito.exceptions.base.MockitoException: 

Mockito cannot mock this class: interface com.udacity.security.data.SecurityRepository.

Mockito can only mock non-private & non-final classes.
If you're not sure why you're getting this error, please report to the mailing list.


Java               : 17
JVM vendor name    : Homebrew
JVM vendor version : 17.0.1+0
JVM name           : OpenJDK 64-Bit Server VM
JVM version        : 17.0.1+0
JVM info           : mixed mode
OS name            : Mac OS X
OS version         : 11.6


Underlying exception : org.mockito.exceptions.base.MockitoException: 
Could not force module adjustment of the module of interface com.udacity.security.data.SecurityRepository

This is required to adjust the module graph to enable mock creation
Caused by: org.mockito.exceptions.base.MockitoException: 

Could not force module adjustment of the module of interface com.udacity.security.data.SecurityRepository

This is required to adjust the module graph to enable mock creation
Caused by: java.lang.IllegalArgumentException: com.udacity.security.data.SecurityRepository$MockitoModuleProbe$246892299 must be defined in the same package as org.mockito.codegen.InjectionBase
]]></error>
  </testcase>
  <testcase name="changeAlarmStatus_systemArmedHomeAndCatDetected_changeToAlarmStatus" classname="com.udacity.security.service.SecurityServiceTest" time="0.001">
    <error type="org.mockito.exceptions.base.MockitoException"><![CDATA[org.mockito.exceptions.base.MockitoException: 

Mockito cannot mock this class: interface com.udacity.security.data.SecurityRepository.

Mockito can only mock non-private & non-final classes.
If you're not sure why you're getting this error, please report to the mailing list.


Java               : 17
JVM vendor name    : Homebrew
JVM vendor version : 17.0.1+0
JVM name           : OpenJDK 64-Bit Server VM
JVM version        : 17.0.1+0
JVM info           : mixed mode
OS name            : Mac OS X
OS version         : 11.6


Underlying exception : org.mockito.exceptions.base.MockitoException: 
Could not force module adjustment of the module of interface com.udacity.security.data.SecurityRepository

This is required to adjust the module graph to enable mock creation
Caused by: org.mockito.exceptions.base.MockitoException: 

Could not force module adjustment of the module of interface com.udacity.security.data.SecurityRepository

This is required to adjust the module graph to enable mock creation
Caused by: java.lang.IllegalArgumentException: com.udacity.security.data.SecurityRepository$MockitoModuleProbe$1989578329 must be defined in the same package as org.mockito.codegen.InjectionBase
]]></error>
  </testcase>
  <testcase name="changeAlarmState_imageContainingCatDetectedAndSystemArmed_changeToAlarmStatus" classname="com.udacity.security.service.SecurityServiceTest" time="0.002">
    <error type="org.mockito.exceptions.base.MockitoException"><![CDATA[org.mockito.exceptions.base.MockitoException: 

Mockito cannot mock this class: interface com.udacity.security.data.SecurityRepository.

Mockito can only mock non-private & non-final classes.
If you're not sure why you're getting this error, please report to the mailing list.


Java               : 17
JVM vendor name    : Homebrew
JVM vendor version : 17.0.1+0
JVM name           : OpenJDK 64-Bit Server VM
JVM version        : 17.0.1+0
JVM info           : mixed mode
OS name            : Mac OS X
OS version         : 11.6


Underlying exception : org.mockito.exceptions.base.MockitoException: 
Could not force module adjustment of the module of interface com.udacity.security.data.SecurityRepository

This is required to adjust the module graph to enable mock creation
Caused by: org.mockito.exceptions.base.MockitoException: 

Could not force module adjustment of the module of interface com.udacity.security.data.SecurityRepository

This is required to adjust the module graph to enable mock creation
Caused by: java.lang.IllegalArgumentException: com.udacity.security.data.SecurityRepository$MockitoModuleProbe$823960196 must be defined in the same package as org.mockito.codegen.InjectionBase
]]></error>
  </testcase>
  <testcase name="changeAlarmStatus_alarmPendingAndAllSensorsInactive_changeToNoAlarm" classname="com.udacity.security.service.SecurityServiceTest" time="0.001">
    <error type="org.mockito.exceptions.base.MockitoException"><![CDATA[org.mockito.exceptions.base.MockitoException: 

Mockito cannot mock this class: interface com.udacity.security.data.SecurityRepository.

Mockito can only mock non-private & non-final classes.
If you're not sure why you're getting this error, please report to the mailing list.


Java               : 17
JVM vendor name    : Homebrew
JVM vendor version : 17.0.1+0
JVM name           : OpenJDK 64-Bit Server VM
JVM version        : 17.0.1+0
JVM info           : mixed mode
OS name            : Mac OS X
OS version         : 11.6


Underlying exception : org.mockito.exceptions.base.MockitoException: 
Could not force module adjustment of the module of interface com.udacity.security.data.SecurityRepository

This is required to adjust the module graph to enable mock creation
Caused by: org.mockito.exceptions.base.MockitoException: 

Could not force module adjustment of the module of interface com.udacity.security.data.SecurityRepository

This is required to adjust the module graph to enable mock creation
Caused by: java.lang.IllegalArgumentException: com.udacity.security.data.SecurityRepository$MockitoModuleProbe$2116914425 must be defined in the same package as org.mockito.codegen.InjectionBase
]]></error>
  </testcase>
  <testcase name="changeAlarmStatus_systemDisArmed_changeToAlarmStatus" classname="com.udacity.security.service.SecurityServiceTest" time="0.002">
    <error type="org.mockito.exceptions.base.MockitoException"><![CDATA[org.mockito.exceptions.base.MockitoException: 

Mockito cannot mock this class: interface com.udacity.security.data.SecurityRepository.

Mockito can only mock non-private & non-final classes.
If you're not sure why you're getting this error, please report to the mailing list.


Java               : 17
JVM vendor name    : Homebrew
JVM vendor version : 17.0.1+0
JVM name           : OpenJDK 64-Bit Server VM
JVM version        : 17.0.1+0
JVM info           : mixed mode
OS name            : Mac OS X
OS version         : 11.6


Underlying exception : org.mockito.exceptions.base.MockitoException: 
Could not force module adjustment of the module of interface com.udacity.security.data.SecurityRepository

This is required to adjust the module graph to enable mock creation
Caused by: org.mockito.exceptions.base.MockitoException: 

Could not force module adjustment of the module of interface com.udacity.security.data.SecurityRepository

This is required to adjust the module graph to enable mock creation
Caused by: java.lang.IllegalArgumentException: com.udacity.security.data.SecurityRepository$MockitoModuleProbe$1239509393 must be defined in the same package as org.mockito.codegen.InjectionBase
]]></error>
  </testcase>
  <testcase name="changeAlarmState_noCatImageIdentifiedAndSensorsAreInactive_changeToAlarmStatus" classname="com.udacity.security.service.SecurityServiceTest" time="0.001">
    <error type="org.mockito.exceptions.base.MockitoException"><![CDATA[org.mockito.exceptions.base.MockitoException: 

Mockito cannot mock this class: interface com.udacity.security.data.SecurityRepository.

Mockito can only mock non-private & non-final classes.
If you're not sure why you're getting this error, please report to the mailing list.


Java               : 17
JVM vendor name    : Homebrew
JVM vendor version : 17.0.1+0
JVM name           : OpenJDK 64-Bit Server VM
JVM version        : 17.0.1+0
JVM info           : mixed mode
OS name            : Mac OS X
OS version         : 11.6


Underlying exception : org.mockito.exceptions.base.MockitoException: 
Could not force module adjustment of the module of interface com.udacity.security.data.SecurityRepository

This is required to adjust the module graph to enable mock creation
Caused by: org.mockito.exceptions.base.MockitoException: 

Could not force module adjustment of the module of interface com.udacity.security.data.SecurityRepository

This is required to adjust the module graph to enable mock creation
Caused by: java.lang.IllegalArgumentException: com.udacity.security.data.SecurityRepository$MockitoModuleProbe$1242400867 must be defined in the same package as org.mockito.codegen.InjectionBase
]]></error>
  </testcase>
</testsuite>